<?xml version="1.0" encoding="UTF-8"?>
<testng-results ignored="0" total="1" passed="1" failed="0" skipped="0">
  <reporter-output>
  </reporter-output>
  <suite started-at="2024-08-02T16:13:42 IST" name="Default suite" finished-at="2024-08-02T16:13:42 IST" duration-ms="100">
    <groups>
    </groups>
    <test started-at="2024-08-02T16:13:42 IST" name="Default test" finished-at="2024-08-02T16:13:42 IST" duration-ms="100">
      <class name="Sample.Addition">
        <test-method signature="Add()[pri:0, instance:Sample.Addition@22ef9844]" started-at="2024-08-02T16:13:42 IST" name="Add" finished-at="2024-08-02T16:13:42 IST" duration-ms="23" status="PASS">
          <reporter-output>
          </reporter-output>
        </test-method> <!-- Add -->
      </class> <!-- Sample.Addition -->
    </test> <!-- Default test -->
  </suite> <!-- Default suite -->
</testng-results>
