<?xml version="1.0" encoding="UTF-8"?>
<testng-results ignored="0" total="2" passed="2" failed="0" skipped="0">
  <reporter-output>
  </reporter-output>
  <suite started-at="2024-08-02T17:20:14 IST" name="Default suite" finished-at="2024-08-02T17:20:14 IST" duration-ms="126">
    <groups>
    </groups>
    <test started-at="2024-08-02T17:20:14 IST" name="Default test" finished-at="2024-08-02T17:20:14 IST" duration-ms="126">
      <class name="Sample.Addition">
        <test-method signature="Add()[pri:0, instance:Sample.Addition@6283d8b8]" started-at="2024-08-02T17:20:14 IST" name="Add" finished-at="2024-08-02T17:20:14 IST" duration-ms="22" status="PASS">
          <reporter-output>
          </reporter-output>
        </test-method> <!-- Add -->
        <test-method signature="sub()[pri:0, instance:Sample.Addition@6283d8b8]" started-at="2024-08-02T17:20:14 IST" name="sub" finished-at="2024-08-02T17:20:14 IST" duration-ms="7" status="PASS">
          <reporter-output>
          </reporter-output>
        </test-method> <!-- sub -->
      </class> <!-- Sample.Addition -->
    </test> <!-- Default test -->
  </suite> <!-- Default suite -->
</testng-results>
